<?xml version="1.0" encoding="UTF-8"?>
<coverage generated="1576712490574" clover="3.2.0">
  <project timestamp="1576712490574" name="All files">
    <metrics statements="8" coveredstatements="8" conditionals="7" coveredconditionals="7" methods="4" coveredmethods="4" elements="19" coveredelements="19" complexity="0" loc="8" ncloc="8" packages="1" files="1" classes="1"/>
    <file name="app.js" path="C:\Dev\Netology\ajs-homeworks-unit-test-task2\src\js\app.js">
      <metrics statements="8" coveredstatements="8" conditionals="7" coveredconditionals="7" methods="4" coveredmethods="4"/>
      <line num="2" count="8" type="cond" truecount="3" falsecount="0"/>
      <line num="3" count="8" type="stmt"/>
      <line num="7" count="8" type="cond" truecount="2" falsecount="0"/>
      <line num="8" count="6" type="cond" truecount="2" falsecount="0"/>
      <line num="10" count="8" type="stmt"/>
      <line num="11" count="2" type="stmt"/>
      <line num="14" count="1" type="stmt"/>
      <line num="20" count="1" type="stmt"/>
    </file>
  </project>
</coverage>
