{"C:\\Dev\\Netology\\ajs-homeworks-unit-test-task2\\src\\js\\app.js": {"path":"C:\\Dev\\Netology\\ajs-homeworks-unit-test-task2\\src\\js\\app.js","statementMap":{"0":{"start":{"line":2,"column":23},"end":{"line":2,"column":87}},"1":{"start":{"line":3,"column":2},"end":{"line":3,"column":22}},"2":{"start":{"line":7,"column":23},"end":{"line":7,"column":91}},"3":{"start":{"line":7,"column":71},"end":{"line":7,"column":90}},"4":{"start":{"line":8,"column":2},"end":{"line":8,"column":33}},"5":{"start":{"line":8,"column":21},"end":{"line":8,"column":33}},"6":{"start":{"line":10,"column":2},"end":{"line":10,"column":47}},"7":{"start":{"line":10,"column":24},"end":{"line":10,"column":45}},"8":{"start":{"line":11,"column":2},"end":{"line":11,"column":16}},"9":{"start":{"line":14,"column":15},"end":{"line":18,"column":1}},"10":{"start":{"line":20,"column":0},"end":{"line":20,"column":19}}},"fnMap":{"0":{"name":"isCorrectHero","decl":{"start":{"line":1,"column":9},"end":{"line":1,"column":22}},"loc":{"start":{"line":1,"column":41},"end":{"line":4,"column":1}},"line":1},"1":{"name":"sortHeroes","decl":{"start":{"line":6,"column":24},"end":{"line":6,"column":34}},"loc":{"start":{"line":6,"column":43},"end":{"line":12,"column":1}},"line":6},"2":{"name":"(anonymous_2)","decl":{"start":{"line":7,"column":61},"end":{"line":7,"column":62}},"loc":{"start":{"line":7,"column":71},"end":{"line":7,"column":90}},"line":7},"3":{"name":"(anonymous_3)","decl":{"start":{"line":10,"column":14},"end":{"line":10,"column":15}},"loc":{"start":{"line":10,"column":24},"end":{"line":10,"column":45}},"line":10}},"branchMap":{"0":{"loc":{"start":{"line":2,"column":23},"end":{"line":2,"column":87}},"type":"binary-expr","locations":[{"start":{"line":2,"column":24},"end":{"line":2,"column":42}},{"start":{"line":2,"column":48},"end":{"line":2,"column":68}},{"start":{"line":2,"column":74},"end":{"line":2,"column":86}}],"line":2},"1":{"loc":{"start":{"line":7,"column":23},"end":{"line":7,"column":91}},"type":"binary-expr","locations":[{"start":{"line":7,"column":23},"end":{"line":7,"column":44}},{"start":{"line":7,"column":48},"end":{"line":7,"column":91}}],"line":7},"2":{"loc":{"start":{"line":8,"column":2},"end":{"line":8,"column":33}},"type":"if","locations":[{"start":{"line":8,"column":2},"end":{"line":8,"column":33}},{"start":{"line":8,"column":2},"end":{"line":8,"column":33}}],"line":8}},"s":{"0":8,"1":8,"2":6,"3":8,"4":6,"5":4,"6":2,"7":8,"8":2,"9":1,"10":1},"f":{"0":8,"1":6,"2":8,"3":8},"b":{"0":[8,7,7],"1":[6,4],"2":[4,2]},"_coverageSchema":"43e27e138ebf9cfc5966b082cf9a028302ed4184","hash":"ec4d08ad40e536680acdc829e6b5546a9e1bc293"}
}
